"node/examples/readme.txt" 61b8547b168c542c31e23cf1e2636ae2,133,5da8b88b,12400000
"node/src/h/hana_node.h" 95d40fee8d088fab892279955eb9581c,767,5da8b88b,12400000
"node/extension/Enums.js" 490dfa86814966f41833254bd1999b13,47b,5da8b88b,12400000
"node/prebuilt/linuxx86_64-gcc48/hana-client_v10.node" 79758419f3fab1670751f312f06b7535,afa38,5da8b8b6,16d00000
"node/extension/Stream.js" 4c83ef2f133b8a9d2dfa2b7170dd3eb0,499a,5da8b88b,12400000
"node/lib/index.js" 8a5732d5b3998641a2c2a16ae4d1cc96,f83,5da8b88b,12400000
"node/src/h/resultset.h" 8ca833abd3a2328689959e3696c2abf2,3083,5da8b88b,12400000
"node/extension/FunctionCode.js" 03485a19ec0f1225fea286e281d4b566,22c,5da8b88b,12400000
"node/src/h/errors.h" ae23a0f488cc77ca5e6c75c6b8426acf,4b9,5da8b88b,12400000
"node/src/hana.cpp" 6e98338f545b91d3b386831acafcd3b0,188c,5da8b88b,12400000
"node/checkbuild.js" bce87c22d8e75e2ae7b6c3b216361684,216,5da8b88b,12400000
"node/src/h/hana_utils.h" aebee9c8a6a74e37e8bf640103b19a16,3a54,5da8b88b,12400000
"node/README.md" 76b84e7548c4ce89d0cd2f3b3c5d2614,14ae,5da8b88b,12400000
"node/src/h/connection.h" adb7a1c07948ee1aaa53d4c60c92feca,5ad8,5da8b88b,12400000
"node/package.json" a74fd1e4926a56eb5abcf3568ef7a447,122,5da8b88b,12400000
"node/src/statement.cpp" 72977ab9cdd70e68c8368353c8871647,10866,5da8b88b,12400000
"node/src/resultset.cpp" 3a0f4fdda5667ed5345061b8572a8e4b,8f29,5da8b88b,12400000
"node/src/h/DBCAPI_DLL.h" a687c8f2304e7291e08afe9ac21f6444,4729,5da8b88b,12400000
"node/prebuilt/linuxx86_64-gcc48/hana-client_v4.node" 7806a012d3ac0d53fc81691b9c839d5e,ab648,5da8b8b6,16d00000
"node/src/h/DBCAPI.h" b5ce152b49c64ee8c61fa19ebdebeac9,da4c,5da8b88b,12400000
"node/src/h/stmt.h" 4fe7a95f84941786c4b68ad93537477e,3c18,5da8b88b,12400000
"node/prebuilt/linuxx86_64-gcc48/hana-client.node" 3d4eef16dc085a6d75a598ca406fbd7a,ab4c8,5da8b8b6,16d00000
"node/src/connection.cpp" 5252e6f6c0f2247f77ae050bd1f27253,fa81,5da8b88b,12400000
"node/src/utils.cpp" f41808a10f7658eecd1db973b991ba63,19416,5da8b88b,12400000
"node/extension/TypeCode.js" bdae82a0f2e7c6bdcdff0495c38a2f01,4dd,5da8b88b,12400000
"node/examples/app2.js" 0ac001eddabd816672495b90da92334f,910,5da8b88b,12400000
"node/prebuilt/linuxx86_64-gcc48/hana-client_v12.node" ebcef7d2810c60ab7a0e297453a5c536,b1b70,5da8b8b6,16d00000
"node/src/h/nodever_cover.h" d0da14b3f656e01f1b17ce892131ac96,297,5da8b88b,12400000
"node/prebuilt/linuxx86_64-gcc48/libdbcapiHDB.so" 6b31ba027261b57025871516a23b7da5,4160f20,5da8b95d,16d00000
"node/prebuilt/linuxx86_64-gcc48/hana-client_v8.node" f991242ec17a2dfbb01f48d47b0fcdb8,abb40,5da8b8b6,16d00000
"node/examples/app1.js" e624f0c606c6739721756781d0fa6d50,bbc,5da8b88b,12400000
"node/src/DBCAPI_DLL.cpp" 7976541d8de5f67e2f2b4af3a4e281f5,1b89,5da8b88b,12400000
